2013-01-09 23:54:54,696 INFO  [NovelEngine] - NovelEngine launched!
2013-01-09 23:54:54,701 INFO  [NovelEngine] - Global Variable File is not found!
2013-01-09 23:54:54,701 INFO  [NovelEngine] - Create a new Global Variable File.
2013-01-09 23:54:54,842 INFO  [NovelEngine] - Add class hide92795.novelengine.background.effect.TransitionFade
2013-01-09 23:54:54,843 INFO  [NovelEngine] - Add class hide92795.novelengine.background.effect.TransitionSlide
2013-01-09 23:54:54,965 INFO  [NovelEngine] - StoryID: start.nes Load start
2013-01-09 23:54:55,251 INFO  [NovelEngine] - StoryID: start.nes Load finish
2013-01-09 23:54:55,395 DEBUG [NovelEngine] - Queue was done!
2013-01-09 23:54:55,428 DEBUG [NovelEngine] - Queue was done!
2013-01-09 23:54:55,467 DEBUG [NovelEngine] - Queue was done!
2013-01-09 23:54:55,473 DEBUG [NovelEngine] - Queue was done!
2013-01-09 23:54:55,714 DEBUG [NovelEngine] - Queue was done!
2013-01-09 23:54:55,723 DEBUG [NovelEngine] - Queue was done!
2013-01-09 23:54:56,858 INFO  [NovelEngine] - NovelEngine shutdowned!
2013-01-09 23:55:07,313 INFO  [NovelEngine] - NovelEngine launched!
2013-01-09 23:55:07,318 INFO  [NovelEngine] - Global Variable File is not found!
2013-01-09 23:55:07,318 INFO  [NovelEngine] - Create a new Global Variable File.
2013-01-09 23:55:07,459 INFO  [NovelEngine] - Add class hide92795.novelengine.background.effect.TransitionFade
2013-01-09 23:55:07,460 INFO  [NovelEngine] - Add class hide92795.novelengine.background.effect.TransitionSlide
2013-01-09 23:55:07,575 INFO  [NovelEngine] - StoryID: start.nes Load start
2013-01-09 23:55:07,883 INFO  [NovelEngine] - StoryID: start.nes Load finish
2013-01-09 23:55:08,012 DEBUG [NovelEngine] - Queue was done!
2013-01-09 23:55:08,043 DEBUG [NovelEngine] - Queue was done!
2013-01-09 23:55:08,198 DEBUG [NovelEngine] - Queue was done!
2013-01-09 23:55:08,209 DEBUG [NovelEngine] - Queue was done!
2013-01-09 23:55:08,234 DEBUG [NovelEngine] - Queue was done!
2013-01-09 23:55:08,240 DEBUG [NovelEngine] - Queue was done!
2013-01-09 23:55:09,130 INFO  [NovelEngine] - NovelEngine shutdowned!
